<?xml version="1.0" encoding="UTF-8"?>
<!-- Generated by org.testng.reporters.JUnitReportReporter -->
<testsuite skipped="0" hostname="LAPTOP-O7BRKD6N" name="ParallelExecution.Class2" tests="1" failures="0" timestamp="2022-09-07T16:14:56 IST" time="16.464" errors="0">
  <testcase name="google2" time="16.464" classname="ParallelExecution.Class2"/>
  <system-out/>
</testsuite> <!-- ParallelExecution.Class2 -->
