<?xml version="1.0" encoding="UTF-8"?>
<!-- Generated by org.testng.reporters.JUnitReportReporter -->
<testsuite skipped="0" hostname="LAPTOP-O7BRKD6N" name="TestNGAnnotations.Annotations" tests="1" failures="0" timestamp="2022-01-02T15:18:46 IST" time="0.009" errors="0">
  <testcase name="z" time="0.009" classname="TestNGAnnotations.Annotations"/>
  <system-out>
    <![CDATA[Test script /scenario Z]]>
  </system-out>
</testsuite> <!-- TestNGAnnotations.Annotations -->
