<?xml version="1.0" encoding="UTF-8"?>
<!-- Generated by org.testng.reporters.JUnitReportReporter -->
<testsuite skipped="0" hostname="LAPTOP-O7BRKD6N" name="TestNGFlags.Group" tests="6" failures="0" timestamp="2022-04-28T12:05:43 IST" time="0.000" errors="0">
  <testcase name="st4" time="0.000" classname="TestNGFlags.Group"/>
  <system-out>
    <![CDATA[Testcase of st4]]>
  </system-out>
  <testcase name="st1" time="0.000" classname="TestNGFlags.Group"/>
  <system-out>
    <![CDATA[Testcase of st1]]>
  </system-out>
  <testcase name="st6" time="0.000" classname="TestNGFlags.Group"/>
  <system-out>
    <![CDATA[Testcase of st6]]>
  </system-out>
  <testcase name="st2" time="0.000" classname="TestNGFlags.Group"/>
  <system-out>
    <![CDATA[Testcase of st2]]>
  </system-out>
  <testcase name="st5" time="0.000" classname="TestNGFlags.Group"/>
  <system-out>
    <![CDATA[Testcase of st5]]>
  </system-out>
  <testcase name="st3" time="0.000" classname="TestNGFlags.Group"/>
  <system-out>
    <![CDATA[Testcase of st3]]>
  </system-out>
</testsuite> <!-- TestNGFlags.Group -->
