<?xml version="1.0" encoding="UTF-8"?>
<!-- Generated by org.testng.reporters.JUnitReportReporter -->
<testsuite skipped="0" hostname="LAPTOP-O7BRKD6N" name="testng.Demo" tests="1" failures="0" timestamp="2021-11-08T09:32:00 IST" time="0.008" errors="0">
  <testcase name="login" time="0.008" classname="testng.Demo"/>
  <system-out>
    <![CDATA[login]]>
  </system-out>
</testsuite> <!-- testng.Demo -->
