<?xml version="1.0" encoding="UTF-8"?>
<!-- Generated by org.testng.reporters.JUnitReportReporter -->
<testsuite skipped="0" hostname="LAPTOP-O7BRKD6N" name="TestNGFlags.DependOnMethodFlag" tests="3" failures="0" timestamp="2021-11-09T10:00:17 IST" time="0.027" errors="0">
  <testcase name="action" time="0.003" classname="TestNGFlags.DependOnMethodFlag"/>
  <system-out>
    <![CDATA[Action !!!!]]>
  </system-out>
  <testcase name="login" time="0.017" classname="TestNGFlags.DependOnMethodFlag"/>
  <system-out>
    <![CDATA[login to the application]]>
  </system-out>
  <testcase name="logout" time="0.007" classname="TestNGFlags.DependOnMethodFlag"/>
  <system-out>
    <![CDATA[Logout from the application]]>
  </system-out>
</testsuite> <!-- TestNGFlags.DependOnMethodFlag -->
