<?xml version="1.0" encoding="UTF-8"?>
<!-- Generated by org.testng.reporters.JUnitReportReporter -->
<testsuite skipped="0" hostname="LAPTOP-O7BRKD6N" name="TestNGFlags.FlagInvocationCount" tests="101" failures="0" timestamp="2021-11-09T09:54:34 IST" time="0.296" errors="0">
  <testcase name="a" time="0.002" classname="TestNGFlags.FlagInvocationCount"/>
  <system-out>
    <![CDATA[hi I am inconsistent bug]]>
  </system-out>
  <testcase name="a" time="0.036" classname="TestNGFlags.FlagInvocationCount"/>
  <system-out>
    <![CDATA[hi I am inconsistent bug]]>
  </system-out>
  <testcase name="a" time="0.000" classname="TestNGFlags.FlagInvocationCount"/>
  <system-out>
    <![CDATA[hi I am inconsistent bug]]>
  </system-out>
  <testcase name="a" time="0.001" classname="TestNGFlags.FlagInvocationCount"/>
  <system-out>
    <![CDATA[hi I am inconsistent bug]]>
  </system-out>
  <testcase name="a" time="0.005" classname="TestNGFlags.FlagInvocationCount"/>
  <system-out>
    <![CDATA[hi I am inconsistent bug]]>
  </system-out>
  <testcase name="a" time="0.001" classname="TestNGFlags.FlagInvocationCount"/>
  <system-out>
    <![CDATA[hi I am inconsistent bug]]>
  </system-out>
  <testcase name="a" time="0.000" classname="TestNGFlags.FlagInvocationCount"/>
  <system-out>
    <![CDATA[hi I am inconsistent bug]]>
  </system-out>
  <testcase name="a" time="0.006" classname="TestNGFlags.FlagInvocationCount"/>
  <system-out>
    <![CDATA[hi I am inconsistent bug]]>
  </system-out>
  <testcase name="a" time="0.001" classname="TestNGFlags.FlagInvocationCount"/>
  <system-out>
    <![CDATA[hi I am inconsistent bug]]>
  </system-out>
  <testcase name="a" time="0.001" classname="TestNGFlags.FlagInvocationCount"/>
  <system-out>
    <![CDATA[hi I am inconsistent bug]]>
  </system-out>
  <testcase name="a" time="0.004" classname="TestNGFlags.FlagInvocationCount"/>
  <system-out>
    <![CDATA[hi I am inconsistent bug]]>
  </system-out>
  <testcase name="a" time="0.001" classname="TestNGFlags.FlagInvocationCount"/>
  <system-out>
    <![CDATA[hi I am inconsistent bug]]>
  </system-out>
  <testcase name="a" time="0.000" classname="TestNGFlags.FlagInvocationCount"/>
  <system-out>
    <![CDATA[hi I am inconsistent bug]]>
  </system-out>
  <testcase name="a" time="0.005" classname="TestNGFlags.FlagInvocationCount"/>
  <system-out>
    <![CDATA[hi I am inconsistent bug]]>
  </system-out>
  <testcase name="a" time="0.006" classname="TestNGFlags.FlagInvocationCount"/>
  <system-out>
    <![CDATA[hi I am inconsistent bug]]>
  </system-out>
  <testcase name="a" time="0.002" classname="TestNGFlags.FlagInvocationCount"/>
  <system-out>
    <![CDATA[hi I am inconsistent bug]]>
  </system-out>
  <testcase name="a" time="0.000" classname="TestNGFlags.FlagInvocationCount"/>
  <system-out>
    <![CDATA[hi I am inconsistent bug]]>
  </system-out>
  <testcase name="a" time="0.001" classname="TestNGFlags.FlagInvocationCount"/>
  <system-out>
    <![CDATA[hi I am inconsistent bug]]>
  </system-out>
  <testcase name="a" time="0.004" classname="TestNGFlags.FlagInvocationCount"/>
  <system-out>
    <![CDATA[hi I am inconsistent bug]]>
  </system-out>
  <testcase name="a" time="0.002" classname="TestNGFlags.FlagInvocationCount"/>
  <system-out>
    <![CDATA[hi I am inconsistent bug]]>
  </system-out>
  <testcase name="a" time="0.001" classname="TestNGFlags.FlagInvocationCount"/>
  <system-out>
    <![CDATA[hi I am inconsistent bug]]>
  </system-out>
  <testcase name="a" time="0.001" classname="TestNGFlags.FlagInvocationCount"/>
  <system-out>
    <![CDATA[hi I am inconsistent bug]]>
  </system-out>
  <testcase name="a" time="0.000" classname="TestNGFlags.FlagInvocationCount"/>
  <system-out>
    <![CDATA[hi I am inconsistent bug]]>
  </system-out>
  <testcase name="a" time="0.002" classname="TestNGFlags.FlagInvocationCount"/>
  <system-out>
    <![CDATA[hi I am inconsistent bug]]>
  </system-out>
  <testcase name="a" time="0.000" classname="TestNGFlags.FlagInvocationCount"/>
  <system-out>
    <![CDATA[hi I am inconsistent bug]]>
  </system-out>
  <testcase name="a" time="0.006" classname="TestNGFlags.FlagInvocationCount"/>
  <system-out>
    <![CDATA[hi I am inconsistent bug]]>
  </system-out>
  <testcase name="a" time="0.013" classname="TestNGFlags.FlagInvocationCount"/>
  <system-out>
    <![CDATA[hi I am inconsistent bug]]>
  </system-out>
  <testcase name="a" time="0.003" classname="TestNGFlags.FlagInvocationCount"/>
  <system-out>
    <![CDATA[hi I am inconsistent bug]]>
  </system-out>
  <testcase name="a" time="0.003" classname="TestNGFlags.FlagInvocationCount"/>
  <system-out>
    <![CDATA[hi I am inconsistent bug]]>
  </system-out>
  <testcase name="a" time="0.002" classname="TestNGFlags.FlagInvocationCount"/>
  <system-out>
    <![CDATA[hi I am inconsistent bug]]>
  </system-out>
  <testcase name="a" time="0.002" classname="TestNGFlags.FlagInvocationCount"/>
  <system-out>
    <![CDATA[hi I am inconsistent bug]]>
  </system-out>
  <testcase name="a" time="0.001" classname="TestNGFlags.FlagInvocationCount"/>
  <system-out>
    <![CDATA[hi I am inconsistent bug]]>
  </system-out>
  <testcase name="a" time="0.000" classname="TestNGFlags.FlagInvocationCount"/>
  <system-out>
    <![CDATA[hi I am inconsistent bug]]>
  </system-out>
  <testcase name="a" time="0.001" classname="TestNGFlags.FlagInvocationCount"/>
  <system-out>
    <![CDATA[hi I am inconsistent bug]]>
  </system-out>
  <testcase name="a" time="0.000" classname="TestNGFlags.FlagInvocationCount"/>
  <system-out>
    <![CDATA[hi I am inconsistent bug]]>
  </system-out>
  <testcase name="a" time="0.003" classname="TestNGFlags.FlagInvocationCount"/>
  <system-out>
    <![CDATA[hi I am inconsistent bug]]>
  </system-out>
  <testcase name="a" time="0.002" classname="TestNGFlags.FlagInvocationCount"/>
  <system-out>
    <![CDATA[hi I am inconsistent bug]]>
  </system-out>
  <testcase name="a" time="0.002" classname="TestNGFlags.FlagInvocationCount"/>
  <system-out>
    <![CDATA[hi I am inconsistent bug]]>
  </system-out>
  <testcase name="a" time="0.000" classname="TestNGFlags.FlagInvocationCount"/>
  <system-out>
    <![CDATA[hi I am inconsistent bug]]>
  </system-out>
  <testcase name="a" time="0.003" classname="TestNGFlags.FlagInvocationCount"/>
  <system-out>
    <![CDATA[hi I am inconsistent bug]]>
  </system-out>
  <testcase name="a" time="0.001" classname="TestNGFlags.FlagInvocationCount"/>
  <system-out>
    <![CDATA[hi I am inconsistent bug]]>
  </system-out>
  <testcase name="a" time="0.017" classname="TestNGFlags.FlagInvocationCount"/>
  <system-out>
    <![CDATA[hi I am inconsistent bug]]>
  </system-out>
  <testcase name="a" time="0.000" classname="TestNGFlags.FlagInvocationCount"/>
  <system-out>
    <![CDATA[hi I am inconsistent bug]]>
  </system-out>
  <testcase name="a" time="0.000" classname="TestNGFlags.FlagInvocationCount"/>
  <system-out>
    <![CDATA[hi I am inconsistent bug]]>
  </system-out>
  <testcase name="a" time="0.000" classname="TestNGFlags.FlagInvocationCount"/>
  <system-out>
    <![CDATA[hi I am inconsistent bug]]>
  </system-out>
  <testcase name="a" time="0.005" classname="TestNGFlags.FlagInvocationCount"/>
  <system-out>
    <![CDATA[hi I am inconsistent bug]]>
  </system-out>
  <testcase name="a" time="0.001" classname="TestNGFlags.FlagInvocationCount"/>
  <system-out>
    <![CDATA[hi I am inconsistent bug]]>
  </system-out>
  <testcase name="a" time="0.004" classname="TestNGFlags.FlagInvocationCount"/>
  <system-out>
    <![CDATA[hi I am inconsistent bug]]>
  </system-out>
  <testcase name="a" time="0.001" classname="TestNGFlags.FlagInvocationCount"/>
  <system-out>
    <![CDATA[hi I am inconsistent bug]]>
  </system-out>
  <testcase name="a" time="0.001" classname="TestNGFlags.FlagInvocationCount"/>
  <system-out>
    <![CDATA[hi I am inconsistent bug]]>
  </system-out>
  <testcase name="a" time="0.000" classname="TestNGFlags.FlagInvocationCount"/>
  <system-out>
    <![CDATA[hi I am inconsistent bug]]>
  </system-out>
  <testcase name="a" time="0.000" classname="TestNGFlags.FlagInvocationCount"/>
  <system-out>
    <![CDATA[hi I am inconsistent bug]]>
  </system-out>
  <testcase name="a" time="0.002" classname="TestNGFlags.FlagInvocationCount"/>
  <system-out>
    <![CDATA[hi I am inconsistent bug]]>
  </system-out>
  <testcase name="a" time="0.002" classname="TestNGFlags.FlagInvocationCount"/>
  <system-out>
    <![CDATA[hi I am inconsistent bug]]>
  </system-out>
  <testcase name="a" time="0.003" classname="TestNGFlags.FlagInvocationCount"/>
  <system-out>
    <![CDATA[hi I am inconsistent bug]]>
  </system-out>
  <testcase name="a" time="0.001" classname="TestNGFlags.FlagInvocationCount"/>
  <system-out>
    <![CDATA[hi I am inconsistent bug]]>
  </system-out>
  <testcase name="a" time="0.003" classname="TestNGFlags.FlagInvocationCount"/>
  <system-out>
    <![CDATA[hi I am inconsistent bug]]>
  </system-out>
  <testcase name="a" time="0.002" classname="TestNGFlags.FlagInvocationCount"/>
  <system-out>
    <![CDATA[hi I am inconsistent bug]]>
  </system-out>
  <testcase name="a" time="0.002" classname="TestNGFlags.FlagInvocationCount"/>
  <system-out>
    <![CDATA[hi I am inconsistent bug]]>
  </system-out>
  <testcase name="a" time="0.001" classname="TestNGFlags.FlagInvocationCount"/>
  <system-out>
    <![CDATA[hi I am inconsistent bug]]>
  </system-out>
  <testcase name="a" time="0.001" classname="TestNGFlags.FlagInvocationCount"/>
  <system-out>
    <![CDATA[hi I am inconsistent bug]]>
  </system-out>
  <testcase name="a" time="0.001" classname="TestNGFlags.FlagInvocationCount"/>
  <system-out>
    <![CDATA[hi I am inconsistent bug]]>
  </system-out>
  <testcase name="a" time="0.004" classname="TestNGFlags.FlagInvocationCount"/>
  <system-out>
    <![CDATA[hi I am inconsistent bug]]>
  </system-out>
  <testcase name="a" time="0.001" classname="TestNGFlags.FlagInvocationCount"/>
  <system-out>
    <![CDATA[hi I am inconsistent bug]]>
  </system-out>
  <testcase name="a" time="0.002" classname="TestNGFlags.FlagInvocationCount"/>
  <system-out>
    <![CDATA[hi I am inconsistent bug]]>
  </system-out>
  <testcase name="a" time="0.001" classname="TestNGFlags.FlagInvocationCount"/>
  <system-out>
    <![CDATA[hi I am inconsistent bug]]>
  </system-out>
  <testcase name="a" time="0.001" classname="TestNGFlags.FlagInvocationCount"/>
  <system-out>
    <![CDATA[hi I am inconsistent bug]]>
  </system-out>
  <testcase name="a" time="0.004" classname="TestNGFlags.FlagInvocationCount"/>
  <system-out>
    <![CDATA[hi I am inconsistent bug]]>
  </system-out>
  <testcase name="a" time="0.001" classname="TestNGFlags.FlagInvocationCount"/>
  <system-out>
    <![CDATA[hi I am inconsistent bug]]>
  </system-out>
  <testcase name="a" time="0.002" classname="TestNGFlags.FlagInvocationCount"/>
  <system-out>
    <![CDATA[hi I am inconsistent bug]]>
  </system-out>
  <testcase name="a" time="0.000" classname="TestNGFlags.FlagInvocationCount"/>
  <system-out>
    <![CDATA[hi I am inconsistent bug]]>
  </system-out>
  <testcase name="a" time="0.033" classname="TestNGFlags.FlagInvocationCount"/>
  <system-out>
    <![CDATA[hi I am inconsistent bug]]>
  </system-out>
  <testcase name="a" time="0.001" classname="TestNGFlags.FlagInvocationCount"/>
  <system-out>
    <![CDATA[hi I am inconsistent bug]]>
  </system-out>
  <testcase name="a" time="0.002" classname="TestNGFlags.FlagInvocationCount"/>
  <system-out>
    <![CDATA[hi I am inconsistent bug]]>
  </system-out>
  <testcase name="a" time="0.003" classname="TestNGFlags.FlagInvocationCount"/>
  <system-out>
    <![CDATA[hi I am inconsistent bug]]>
  </system-out>
  <testcase name="a" time="0.001" classname="TestNGFlags.FlagInvocationCount"/>
  <system-out>
    <![CDATA[hi I am inconsistent bug]]>
  </system-out>
  <testcase name="a" time="0.001" classname="TestNGFlags.FlagInvocationCount"/>
  <system-out>
    <![CDATA[hi I am inconsistent bug]]>
  </system-out>
  <testcase name="a" time="0.002" classname="TestNGFlags.FlagInvocationCount"/>
  <system-out>
    <![CDATA[hi I am inconsistent bug]]>
  </system-out>
  <testcase name="b" time="0.001" classname="TestNGFlags.FlagInvocationCount"/>
  <system-out>
    <![CDATA[hi]]>
  </system-out>
  <testcase name="a" time="0.005" classname="TestNGFlags.FlagInvocationCount"/>
  <system-out>
    <![CDATA[hi I am inconsistent bug]]>
  </system-out>
  <testcase name="a" time="0.003" classname="TestNGFlags.FlagInvocationCount"/>
  <system-out>
    <![CDATA[hi I am inconsistent bug]]>
  </system-out>
  <testcase name="a" time="0.001" classname="TestNGFlags.FlagInvocationCount"/>
  <system-out>
    <![CDATA[hi I am inconsistent bug]]>
  </system-out>
  <testcase name="a" time="0.002" classname="TestNGFlags.FlagInvocationCount"/>
  <system-out>
    <![CDATA[hi I am inconsistent bug]]>
  </system-out>
  <testcase name="a" time="0.000" classname="TestNGFlags.FlagInvocationCount"/>
  <system-out>
    <![CDATA[hi I am inconsistent bug]]>
  </system-out>
  <testcase name="a" time="0.002" classname="TestNGFlags.FlagInvocationCount"/>
  <system-out>
    <![CDATA[hi I am inconsistent bug]]>
  </system-out>
  <testcase name="a" time="0.003" classname="TestNGFlags.FlagInvocationCount"/>
  <system-out>
    <![CDATA[hi I am inconsistent bug]]>
  </system-out>
  <testcase name="a" time="0.005" classname="TestNGFlags.FlagInvocationCount"/>
  <system-out>
    <![CDATA[hi I am inconsistent bug]]>
  </system-out>
  <testcase name="a" time="0.000" classname="TestNGFlags.FlagInvocationCount"/>
  <system-out>
    <![CDATA[hi I am inconsistent bug]]>
  </system-out>
  <testcase name="a" time="0.001" classname="TestNGFlags.FlagInvocationCount"/>
  <system-out>
    <![CDATA[hi I am inconsistent bug]]>
  </system-out>
  <testcase name="a" time="0.000" classname="TestNGFlags.FlagInvocationCount"/>
  <system-out>
    <![CDATA[hi I am inconsistent bug]]>
  </system-out>
  <testcase name="a" time="0.001" classname="TestNGFlags.FlagInvocationCount"/>
  <system-out>
    <![CDATA[hi I am inconsistent bug]]>
  </system-out>
  <testcase name="a" time="0.002" classname="TestNGFlags.FlagInvocationCount"/>
  <system-out>
    <![CDATA[hi I am inconsistent bug]]>
  </system-out>
  <testcase name="a" time="0.001" classname="TestNGFlags.FlagInvocationCount"/>
  <system-out>
    <![CDATA[hi I am inconsistent bug]]>
  </system-out>
  <testcase name="a" time="0.025" classname="TestNGFlags.FlagInvocationCount"/>
  <system-out>
    <![CDATA[hi I am inconsistent bug]]>
  </system-out>
  <testcase name="a" time="0.002" classname="TestNGFlags.FlagInvocationCount"/>
  <system-out>
    <![CDATA[hi I am inconsistent bug]]>
  </system-out>
  <testcase name="a" time="0.000" classname="TestNGFlags.FlagInvocationCount"/>
  <system-out>
    <![CDATA[hi I am inconsistent bug]]>
  </system-out>
  <testcase name="a" time="0.000" classname="TestNGFlags.FlagInvocationCount"/>
  <system-out>
    <![CDATA[hi I am inconsistent bug]]>
  </system-out>
  <testcase name="a" time="0.000" classname="TestNGFlags.FlagInvocationCount"/>
  <system-out>
    <![CDATA[hi I am inconsistent bug]]>
  </system-out>
  <testcase name="a" time="0.009" classname="TestNGFlags.FlagInvocationCount"/>
  <system-out>
    <![CDATA[hi I am inconsistent bug]]>
  </system-out>
  <testcase name="a" time="0.002" classname="TestNGFlags.FlagInvocationCount"/>
  <system-out>
    <![CDATA[hi I am inconsistent bug]]>
  </system-out>
  <testcase name="a" time="0.001" classname="TestNGFlags.FlagInvocationCount"/>
  <system-out>
    <![CDATA[hi I am inconsistent bug]]>
  </system-out>
</testsuite> <!-- TestNGFlags.FlagInvocationCount -->
