<?xml version="1.0" encoding="UTF-8"?>
<!-- Generated by org.testng.reporters.JUnitReportReporter -->
<testsuite skipped="0" hostname="LAPTOP-O7BRKD6N" name="testng.Demo" tests="3" failures="0" timestamp="2022-04-28T11:33:04 IST" time="0.021" errors="0">
  <testcase name="login" time="0.003" classname="testng.Demo"/>
  <system-out>
    <![CDATA[login]]>
  </system-out>
  <testcase name="action" time="0.016" classname="testng.Demo"/>
  <system-out>
    <![CDATA[perform the action]]>
  </system-out>
  <testcase name="logout" time="0.002" classname="testng.Demo"/>
  <system-out>
    <![CDATA[logout]]>
  </system-out>
</testsuite> <!-- testng.Demo -->
