<?xml version="1.0" encoding="UTF-8"?>
<!-- Generated by org.testng.reporters.JUnitReportReporter -->
<testsuite skipped="0" hostname="LAPTOP-O7BRKD6N" name="TestNGFlags.Actitime" tests="1" failures="0" timestamp="2021-11-11T08:36:09 IST" time="4.614" errors="0">
  <testcase name="username" time="4.614" classname="TestNGFlags.Actitime"/>
  <system-out/>
</testsuite> <!-- TestNGFlags.Actitime -->
