<?xml version="1.0" encoding="UTF-8"?>
<!-- Generated by org.testng.reporters.JUnitReportReporter -->
<testsuite skipped="0" hostname="LAPTOP-O7BRKD6N" name="testng.Demo1" tests="1" failures="0" timestamp="2021-11-08T09:02:18 IST" time="0.001" errors="0">
  <testcase name="a" time="0.001" classname="testng.Demo1"/>
  <system-out/>
</testsuite> <!-- testng.Demo1 -->
