<?xml version="1.0" encoding="UTF-8"?>
<!-- Generated by org.testng.reporters.JUnitReportReporter -->
<testsuite skipped="0" hostname="LAPTOP-O7BRKD6N" name="testng.Demo1" tests="1" failures="0" timestamp="2022-04-28T11:45:32 IST" time="0.000" errors="0">
  <testcase name="a" time="0.000" classname="testng.Demo1"/>
  <system-out/>
</testsuite> <!-- testng.Demo1 -->
