<?xml version="1.0" encoding="UTF-8"?>
<!-- Generated by org.testng.reporters.JUnitReportReporter -->
<testsuite skipped="0" hostname="LAPTOP-O7BRKD6N" name="DataProvider.dataProvider" tests="3" failures="0" timestamp="2022-01-02T14:37:02 IST" time="25.883" errors="0">
  <testcase name="testActiTimeLogin" time="8.326" classname="DataProvider.dataProvider"/>
  <system-out/>
  <testcase name="testActiTimeLogin" time="9.382" classname="DataProvider.dataProvider"/>
  <system-out/>
  <testcase name="testActiTimeLogin" time="8.175" classname="DataProvider.dataProvider"/>
  <system-out/>
</testsuite> <!-- DataProvider.dataProvider -->
