<?xml version="1.0" encoding="UTF-8"?>
<!-- Generated by org.testng.reporters.JUnitReportReporter -->
<testsuite skipped="0" hostname="LAPTOP-O7BRKD6N" name="TestNGFlags.readDataFromXMLFile" tests="2" failures="0" timestamp="2022-05-03T14:00:45 IST" time="23.319" errors="0">
  <testcase name="lauchBrowser" time="10.561" classname="TestNGFlags.readDataFromXMLFile"/>
  <system-out/>
  <testcase name="lauchBrowser" time="12.758" classname="TestNGFlags.readDataFromXMLFile"/>
  <system-out/>
</testsuite> <!-- TestNGFlags.readDataFromXMLFile -->
