<?xml version="1.0" encoding="UTF-8"?>
<!-- Generated by org.testng.reporters.JUnitReportReporter -->
<testsuite skipped="0" hostname="LAPTOP-O7BRKD6N" name="TestNGFlags.Flag45" tests="3" failures="0" timestamp="2021-11-09T09:59:41 IST" time="0.018" errors="0">
  <testcase name="login" time="0.014" classname="TestNGFlags.Flag45"/>
  <system-out>
    <![CDATA[login to the application]]>
  </system-out>
  <testcase name="action" time="0.001" classname="TestNGFlags.Flag45"/>
  <system-out>
    <![CDATA[Action !!!!]]>
  </system-out>
  <testcase name="logout" time="0.003" classname="TestNGFlags.Flag45"/>
  <system-out>
    <![CDATA[Logout from the application]]>
  </system-out>
</testsuite> <!-- TestNGFlags.Flag45 -->
