<?xml version="1.0" encoding="UTF-8"?>
<!-- Generated by org.testng.reporters.JUnitReportReporter -->
<testsuite skipped="0" hostname="LAPTOP-O7BRKD6N" name="TestNGFlags.Calculator" tests="5" failures="0" timestamp="2021-11-11T11:05:45 IST" time="26.308" errors="0">
  <testcase name="launchBrowser" time="7.506" classname="TestNGFlags.Calculator"/>
  <system-out/>
  <testcase name="addition" time="4.996" classname="TestNGFlags.Calculator"/>
  <system-out>
    <![CDATA[ 16]]>
  </system-out>
  <testcase name="substraction" time="3.256" classname="TestNGFlags.Calculator"/>
  <system-out>
    <![CDATA[ 2]]>
  </system-out>
  <testcase name="multiplication" time="4.744" classname="TestNGFlags.Calculator"/>
  <system-out>
    <![CDATA[ 63]]>
  </system-out>
  <testcase name="division" time="5.806" classname="TestNGFlags.Calculator"/>
  <system-out>
    <![CDATA[ 1.2857142857]]>
  </system-out>
</testsuite> <!-- TestNGFlags.Calculator -->
