<?xml version="1.0" encoding="UTF-8"?>
<!-- Generated by org.testng.reporters.JUnitReportReporter -->
<testsuite skipped="0" hostname="LAPTOP-O7BRKD6N" name="TestNGAnnotations.TestScriptValidLogin" tests="1" failures="0" timestamp="2021-11-13T10:04:50 IST" time="15.336" errors="0">
  <testcase name="validLogin" time="15.336" classname="TestNGAnnotations.TestScriptValidLogin"/>
  <system-out/>
</testsuite> <!-- TestNGAnnotations.TestScriptValidLogin -->
