<?xml version="1.0" encoding="UTF-8"?>
<!-- Generated by org.testng.reporters.JUnitReportReporter -->
<testsuite skipped="0" hostname="LAPTOP-O7BRKD6N" name="TestNGFlags.Flag4" tests="7" failures="0" timestamp="2021-11-09T09:49:30 IST" time="0.041" errors="0">
  <testcase name="c" time="0.003" classname="TestNGFlags.Flag4"/>
  <system-out>
    <![CDATA[I am from method c]]>
  </system-out>
  <testcase name="b" time="0.013" classname="TestNGFlags.Flag4"/>
  <system-out>
    <![CDATA[I am from method b]]>
  </system-out>
  <testcase name="g" time="0.007" classname="TestNGFlags.Flag4"/>
  <system-out>
    <![CDATA[I am from method g]]>
  </system-out>
  <testcase name="e" time="0.002" classname="TestNGFlags.Flag4"/>
  <system-out>
    <![CDATA[I am from method e]]>
  </system-out>
  <testcase name="d" time="0.003" classname="TestNGFlags.Flag4"/>
  <system-out>
    <![CDATA[I am from method d]]>
  </system-out>
  <testcase name="f" time="0.012" classname="TestNGFlags.Flag4"/>
  <system-out>
    <![CDATA[I am from method f]]>
  </system-out>
  <testcase name="a" time="0.001" classname="TestNGFlags.Flag4"/>
  <system-out>
    <![CDATA[I am from method a]]>
  </system-out>
</testsuite> <!-- TestNGFlags.Flag4 -->
